17-May-2024 14:19:39.624 정보 [main] org.apache.catalina.startup.VersionLoggerListener.log 서버 버전 이름:    Apache Tomcat/9.0.89
17-May-2024 14:19:39.627 정보 [main] org.apache.catalina.startup.VersionLoggerListener.log Server 빌드 시각:  May 3 2024 20:22:11 UTC
17-May-2024 14:19:39.628 정보 [main] org.apache.catalina.startup.VersionLoggerListener.log Server 버전 번호:  9.0.89.0
17-May-2024 14:19:39.628 정보 [main] org.apache.catalina.startup.VersionLoggerListener.log 운영체제 이름:     Windows 11
17-May-2024 14:19:39.628 정보 [main] org.apache.catalina.startup.VersionLoggerListener.log 운영체제 버전:     10.0
17-May-2024 14:19:39.629 정보 [main] org.apache.catalina.startup.VersionLoggerListener.log 아키텍처:          amd64
17-May-2024 14:19:39.629 정보 [main] org.apache.catalina.startup.VersionLoggerListener.log 자바 홈:           C:\Program Files\Eclipse Adoptium\jdk-17.0.10.7-hotspot
17-May-2024 14:19:39.630 정보 [main] org.apache.catalina.startup.VersionLoggerListener.log JVM 버전:          17.0.10+7
17-May-2024 14:19:39.630 정보 [main] org.apache.catalina.startup.VersionLoggerListener.log JVM 벤더:          Eclipse Adoptium
17-May-2024 14:19:39.631 정보 [main] org.apache.catalina.startup.VersionLoggerListener.log CATALINA_BASE:     C:\Users\happy\바탕화면\kosta\java-test\news\src\main\java
17-May-2024 14:19:39.631 정보 [main] org.apache.catalina.startup.VersionLoggerListener.log CATALINA_HOME:     C:\apache-tomcat-9.0.89
17-May-2024 14:19:39.651 정보 [main] org.apache.catalina.startup.VersionLoggerListener.log 명령 행 아규먼트:  --add-opens=java.base/java.lang=ALL-UNNAMED
17-May-2024 14:19:39.651 정보 [main] org.apache.catalina.startup.VersionLoggerListener.log 명령 행 아규먼트:  --add-opens=java.base/java.io=ALL-UNNAMED
17-May-2024 14:19:39.652 정보 [main] org.apache.catalina.startup.VersionLoggerListener.log 명령 행 아규먼트:  --add-opens=java.base/java.util=ALL-UNNAMED
17-May-2024 14:19:39.652 정보 [main] org.apache.catalina.startup.VersionLoggerListener.log 명령 행 아규먼트:  --add-opens=java.base/java.util.concurrent=ALL-UNNAMED
17-May-2024 14:19:39.653 정보 [main] org.apache.catalina.startup.VersionLoggerListener.log 명령 행 아규먼트:  --add-opens=java.rmi/sun.rmi.transport=ALL-UNNAMED
17-May-2024 14:19:39.653 정보 [main] org.apache.catalina.startup.VersionLoggerListener.log 명령 행 아규먼트:  -Dcatalina.home=C:\apache-tomcat-9.0.89
17-May-2024 14:19:39.653 정보 [main] org.apache.catalina.startup.VersionLoggerListener.log 명령 행 아규먼트:  -Dcatalina.base=C:\Users\happy\바탕화면\kosta\java-test\news\src\main\java
17-May-2024 14:19:39.654 정보 [main] org.apache.catalina.startup.VersionLoggerListener.log 명령 행 아규먼트:  -Djava.io.tmpdir=C:\Users\happy\바탕화면\kosta\java-test\news\src\main\java\temp
17-May-2024 14:19:39.655 정보 [main] org.apache.catalina.startup.VersionLoggerListener.log 명령 행 아규먼트:  -Djava.util.logging.config.file=C:\Users\happy\바탕화면\kosta\java-test\news\src\main\java\conf\logging.properties
17-May-2024 14:19:39.655 정보 [main] org.apache.catalina.startup.VersionLoggerListener.log 명령 행 아규먼트:  -Djava.util.logging.manager=org.apache.juli.ClassLoaderLogManager
17-May-2024 14:19:39.656 정보 [main] org.apache.catalina.startup.VersionLoggerListener.log 명령 행 아규먼트:  -javaagent:C:\Users\happy\AppData\Local\Programs\IntelliJ IDEA Ultimate 2\lib\idea_rt.jar=29209:C:\Users\happy\AppData\Local\Programs\IntelliJ IDEA Ultimate 2\bin
17-May-2024 14:19:39.656 정보 [main] org.apache.catalina.startup.VersionLoggerListener.log 명령 행 아규먼트:  -Dfile.encoding=UTF-8
17-May-2024 14:19:39.677 정보 [main] org.apache.catalina.core.AprLifecycleListener.lifecycleEvent 프로덕션 환경들에서 최적의 성능을 제공하는, APR 기반 Apache Tomcat Native 라이브러리가, 다음 java.library.path에서 발견되지 않습니다: [C:\Program Files\Eclipse Adoptium\jdk-17.0.10.7-hotspot\bin;C:\WINDOWS\Sun\Java\bin;C:\WINDOWS\system32;C:\WINDOWS;C:\Program Files (x86)\Razer Chroma SDK\bin;C:\Program Files\Razer Chroma SDK\bin;C:\Program Files\Eclipse Adoptium\jdk-11.0.23.9-hotspot\bin;C:\Program Files (x86)\Razer\ChromaBroadcast\bin;C:\Program Files\Razer\ChromaBroadcast\bin;C:\Users\happy\AppData\Local\Programs\Python\Python312\Scripts\;C:\Program Files\Eclipse Adoptium\jdk-17.0.10.7-hotspot\bin;C:\Program Files\Java\jdk-17\bin;C:\Program Files\Common Files\Oracle\Java\javapath;C:\Program Files (x86)\VMware\VMware Workstation\bin\;C:\msys64\mingw64\bin;C:\Program Files\Java\jdk-17.0.5\bin;C:\Windows\system32;C:\Windows;C:\Windows\System32\Wbem;C:\Windows\System32\WindowsPowerShell\v1.0\;C:\Windows\System32\OpenSSH\;C:\Program Files (x86)\NVIDIA Corporation\PhysX\Common;C:\Program Files\NVIDIA Corporation\NVIDIA NvDLISR;C:\Windows\system32\config\systemprofile\AppData\Local\Microsoft\WindowsApps;C:\Program Files (x86)\NetSarang\Xshell 7\;C:\Program Files\PuTTY\;C:\ProgramData\chocolatey\bin;C:\Program Files\dotnet\;C:\MinGW\bin;C:\WINDOWS\system32;C:\WINDOWS;C:\WINDOWS\System32\Wbem;C:\WINDOWS\System32\WindowsPowerShell\v1.0\;C:\WINDOWS\System32\OpenSSH\;C:\Program Files\MATLAB\R2023a\bin;C:\netcat;C:\Program Files\010 Editor;C:\Program Files\Docker\Docker\resources\bin;C:\Program Files\Amazon\AWSCLIV2\;C:\Users\happy\AppData\Local\Programs\Python\Python312\;C:\Users\happy\AppData\Local\Microsoft\WindowsApps;C:\Program Files\Bandizip\;C:\Users\happy\AppData\Local\GitHubDesktop\bin;C:\Users\happy\.dotnet\tools;C:\Program Files\JetBrains\WebStorm 2022.2.3\bin;C:\Users\happy\AppData\Local\Programs\Microsoft VS Code\bin;C:\Program Files\JetBrains\IntelliJ IDEA 2022.3.3\bin;C:\Program Files\JetBrains\GoLand 2022.3.3\bin;C:\Program Files\JetBrains\PyCharm 2022.3.3\bin;C:\Program Files\JetBrains\CLion 2022.3.2\bin;C:\Users\happy\AppData\Local\JetBrains\Toolbox\scripts;C:\Users\happy\AppData\Roaming\npm;C:\Program Files (x86)\Nmap;C:\Users\happy\AppData\Local\Programs\oh-my-posh\bin;C:\Users\happy\AppData\Local\Programs\Fiddler;C:\Users\happy\AppData\Local\Programs\retoolkit\network\nmap;C:\Users\happy\AppData\Local\Programs\retoolkit\bin;C:\Program Files\Elastic\Beats\8.11.1;C:\Program Files\Terraform;C:\Users\happy\AppData\Local\Android\Sdk\platform-tools;D:\nodejs\;C:\Users\happy\AppData\Local\Programs\retoolkit\android\dex2jar;C:\Users\happy\AppData\Local\Programs\retoolkit\debuggers\hyperdbg;C:\Users\happy\AppData\Local\Programs\retoolkit\dotnet\de4dot;C:\Users\happy\AppData\Local\Programs\retoolkit\ole\lessmsi;C:\Users\happy\AppData\Local\Programs\retoolkit\ole\officemalscanner;C:\Users\happy\AppData\Local\Programs\retoolkit\processinspection\hollowshunter;C:\Users\happy\AppData\Local\Programs\retoolkit\processinspection\observer;C:\Users\happy\AppData\Local\Programs\retoolkit\processinspection\pesieve;C:\Users\happy\AppData\Local\Programs\retoolkit\programming\winpython\python-3.11.3.amd64;C:\Users\happy\AppData\Local\Programs\retoolkit\utilities\winapiexec;C:\Program Files\PowerShell\7\;C:\Program Files\Git\cmd;C:\Users\happy\AppData\Local\Microsoft\WindowsApps;C:\Program Files\Bandizip\;C:\Users\happy\AppData\Local\GitHubDesktop\bin;C:\Users\happy\.dotnet\tools;C:\Program Files\JetBrains\WebStorm 2022.2.3\bin;C:\Users\happy\AppData\Local\Programs\Microsoft VS Code\bin;C:\Program Files\JetBrains\IntelliJ IDEA 2022.3.3\bin;C:\Program Files\JetBrains\GoLand 2022.3.3\bin;C:\Program Files\JetBrains\PyCharm 2022.3.3\bin;C:\Program Files\JetBrains\CLion 2022.3.2\bin;C:\Users\happy\AppData\Local\JetBrains\Toolbox\scripts;C:\Program Files (x86)\Nmap;C:\Users\happy\AppData\Local\Programs\oh-my-posh\bin;C:\Users\happy\AppData\Local\Programs\Fiddler;C:\Users\happy\AppData\Local\Programs\retoolkit\network\nmap;C:\Users\happy\AppData\Local\Programs\retoolkit\bin;C:\Users\happy\AppData\Local\Programs\retoolkit\android\dex2jar;C:\Users\happy\AppData\Local\Programs\retoolkit\debuggers\hyperdbg;C:\Users\happy\AppData\Local\Programs\retoolkit\dotnet\de4dot;C:\Users\happy\AppData\Local\Programs\retoolkit\ole\lessmsi;C:\Users\happy\AppData\Local\Programs\retoolkit\ole\officemalscanner;C:\Users\happy\AppData\Local\Programs\retoolkit\processinspection\hollowshunter;C:\Users\happy\AppData\Local\Programs\retoolkit\processinspection\observer;C:\Users\happy\AppData\Local\Programs\retoolkit\processinspection\pesieve;C:\Users\happy\AppData\Local\Programs\retoolkit\programming\winpython\python-3.11.3.amd64;C:\Users\happy\AppData\Local\Programs\retoolkit\utilities\winapiexec;C:\Program Files\Elastic\Beats\8.11.1;C:\Users\happy\AppData\Roaming\npm;.]
17-May-2024 14:19:39.997 정보 [main] org.apache.coyote.AbstractProtocol.init 프로토콜 핸들러 ["http-nio-8080"]을(를) 초기화합니다.
17-May-2024 14:19:40.016 정보 [main] org.apache.catalina.startup.Catalina.load [683] 밀리초 내에 서버가 초기화되었습니다.
17-May-2024 14:19:40.095 정보 [main] org.apache.catalina.core.StandardService.startInternal 서비스 [Catalina]을(를) 시작합니다.
17-May-2024 14:19:40.096 정보 [main] org.apache.catalina.core.StandardEngine.startInternal 서버 엔진을 시작합니다: [Apache Tomcat/9.0.89]
17-May-2024 14:19:40.110 정보 [main] org.apache.catalina.startup.HostConfig.deployDescriptor 배치 descriptor [C:\Users\happy\바탕화면\kosta\java-test\news\src\main\java\conf\Catalina\localhost\ROOT.xml]을(를) 배치합니다.
17-May-2024 14:19:41.386 정보 [main] org.apache.jasper.servlet.TldScanner.scanJars 적어도 하나의 JAR가 TLD들을 찾기 위해 스캔되었으나 아무 것도 찾지 못했습니다. 스캔했으나 TLD가 없는 JAR들의 전체 목록을 보시려면, 로그 레벨을 디버그 레벨로 설정하십시오. 스캔 과정에서 불필요한 JAR들을 건너뛰면, 시스템 시작 시간과 JSP 컴파일 시간을 단축시킬 수 있습니다.
17-May-2024 14:19:41.639 정보 [main] org.apache.catalina.startup.HostConfig.deployDescriptor 배치 descriptor [C:\Users\happy\바탕화면\kosta\java-test\news\src\main\java\conf\Catalina\localhost\ROOT.xml]의 배치가 [1,528] 밀리초 내에 완료되었습니다.
17-May-2024 14:19:41.642 정보 [main] org.apache.coyote.AbstractProtocol.start 프로토콜 핸들러 ["http-nio-8080"]을(를) 시작합니다.
17-May-2024 14:19:41.709 정보 [main] org.apache.catalina.startup.Catalina.start 서버가 [1692] 밀리초 내에 시작되었습니다.
17-May-2024 14:21:54.027 정보 [Thread-1] org.apache.coyote.AbstractProtocol.pause 프로토콜 핸들러 ["http-nio-8080"]을(를) 일시 정지 중
17-May-2024 14:21:54.044 정보 [Thread-1] org.apache.catalina.core.StandardService.stopInternal 서비스 [Catalina]을(를) 중지시킵니다.
17-May-2024 14:21:54.054 경고 [Thread-1] org.apache.catalina.loader.WebappClassLoaderBase.clearReferencesJdbc 웹 애플리케이션 [ROOT]이(가) JDBC 드라이버 [com.mysql.cj.jdbc.Driver]을(를) 등록했지만, 웹 애플리케이션이 중지될 때, 해당 JDBC 드라이버의 등록을 제거하지 못했습니다. 메모리 누수를 방지하기 위하여, 등록을 강제로 제거했습니다.
17-May-2024 14:21:54.055 경고 [Thread-1] org.apache.catalina.loader.WebappClassLoaderBase.clearReferencesThreads 웹 애플리케이션 [ROOT]이(가) [mysql-cj-abandoned-connection-cleanup](이)라는 이름의 쓰레드를 시작시킨 것으로 보이지만, 해당 쓰레드를 중지시키지 못했습니다. 이는 메모리 누수를 유발할 가능성이 큽니다. 해당 쓰레드의 스택 트레이스:
 java.base@17.0.10/java.lang.Object.wait(Native Method)
 java.base@17.0.10/java.lang.ref.ReferenceQueue.remove(ReferenceQueue.java:155)
 com.mysql.cj.jdbc.AbandonedConnectionCleanupThread.run(AbandonedConnectionCleanupThread.java:84)
 java.base@17.0.10/java.util.concurrent.ThreadPoolExecutor.runWorker(ThreadPoolExecutor.java:1136)
 java.base@17.0.10/java.util.concurrent.ThreadPoolExecutor$Worker.run(ThreadPoolExecutor.java:635)
 java.base@17.0.10/java.lang.Thread.run(Thread.java:840)
17-May-2024 14:21:54.057 정보 [Thread-1] org.apache.coyote.AbstractProtocol.stop 프로토콜 핸들러 ["http-nio-8080"]을(를) 중지시킵니다.
17-May-2024 14:21:54.070 정보 [Thread-1] org.apache.coyote.AbstractProtocol.destroy 프로토콜 핸들러 ["http-nio-8080"]을(를) 소멸시킵니다.
